
3/12/2016, 8:20:50 PM

Operating System
  Name                        = Mac OS X
  Version                     = 10.11.2
  Architecture                = 64bit
  # CPUs                      = 8
  Memory                      = 17179869184

Node.js
  Node.js Version             = 0.12.7
  npm Version                 = 2.11.3

Titanium CLI
  CLI Version                 = 5.0.6

Titanium SDK
  SDK Version                 = 5.2.0.GA
  SDK Path                    = /Users/jacobcarter/Library/Application Support/Titanium/mobilesdk/osx/5.2.0.GA
  Target Platform             = android

Command
  /usr/local/bin/node /Users/jacobcarter/.appcelerator/install/5.2.0/package/node_modules/titanium/lib/titanium.js build run --platform android --log-level trace --sdk 5.2.0.GA --project-dir /Users/jacobcarter/Documents/AVF/Project2 --target device --android-sdk /Users/jacobcarter/Library/android-sdk-macosx --device-id 05157df51ac72c30 --skip-js-minify --liveview --deploy-type development --no-colors --no-progress-bars --no-prompt --prompt-type socket-bundle --prompt-port 63226 --config-file /var/folders/jq/f45s60gd5rsbdtnw_fllr1d00000gn/T/build-1457832046677.json --no-banner --project-dir /Users/jacobcarter/Documents/AVF/Project2

[DEBUG]  Detecting modules in /Users/jacobcarter/Library/Application Support/Titanium/modules
[DEBUG]  Detected android module: com.appcelerator.apm 1.1.1 @ /Users/jacobcarter/Library/Application Support/Titanium/modules/android/com.appcelerator.apm/1.1.1
[DEBUG]  Detected android module: facebook 4.0.3 @ /Users/jacobcarter/Library/Application Support/Titanium/modules/android/facebook/4.0.3
[DEBUG]  Detected android module: facebook 4.0.5 @ /Users/jacobcarter/Library/Application Support/Titanium/modules/android/facebook/4.0.5
[DEBUG]  Detected android module: facebook 5.0.0 @ /Users/jacobcarter/Library/Application Support/Titanium/modules/android/facebook/5.0.0
[DEBUG]  Detected android module: ti.cloudpush 3.3.8 @ /Users/jacobcarter/Library/Application Support/Titanium/modules/android/ti.cloudpush/3.3.8
[DEBUG]  Detected android module: ti.cloudpush 3.4.0 @ /Users/jacobcarter/Library/Application Support/Titanium/modules/android/ti.cloudpush/3.4.0
[DEBUG]  Detected android module: ti.cloudpush 3.4.1 @ /Users/jacobcarter/Library/Application Support/Titanium/modules/android/ti.cloudpush/3.4.1
[DEBUG]  Detected android module: ti.map 2.3.0 @ /Users/jacobcarter/Library/Application Support/Titanium/modules/android/ti.map/2.3.0
[DEBUG]  Detected android module: ti.map 2.3.4 @ /Users/jacobcarter/Library/Application Support/Titanium/modules/android/ti.map/2.3.4
[DEBUG]  Detected android module: ti.map 2.3.6 @ /Users/jacobcarter/Library/Application Support/Titanium/modules/android/ti.map/2.3.6
[DEBUG]  Detected commonjs module: ti.cloud 3.2.10 @ /Users/jacobcarter/Library/Application Support/Titanium/modules/commonjs/ti.cloud/3.2.10
[DEBUG]  Detected commonjs module: ti.cloud 3.2.8 @ /Users/jacobcarter/Library/Application Support/Titanium/modules/commonjs/ti.cloud/3.2.8
[DEBUG]  Detected commonjs module: ti.cloud 3.2.9 @ /Users/jacobcarter/Library/Application Support/Titanium/modules/commonjs/ti.cloud/3.2.9
[DEBUG]  Detected iphone module: com.appcelerator.apm 1.1.1 @ /Users/jacobcarter/Library/Application Support/Titanium/modules/iphone/com.appcelerator.apm/1.1.1
[DEBUG]  Detected iphone module: com.appcelerator.urlSession 1.1.1 @ /Users/jacobcarter/Library/Application Support/Titanium/modules/iphone/com.appcelerator.urlSession/1.1.1
[DEBUG]  Detected iphone module: com.appcelerator.urlSession 2.0.0 @ /Users/jacobcarter/Library/Application Support/Titanium/modules/iphone/com.appcelerator.urlSession/2.0.0
[DEBUG]  Detected iphone module: facebook 4.0.3 @ /Users/jacobcarter/Library/Application Support/Titanium/modules/iphone/facebook/4.0.3
[DEBUG]  Detected iphone module: facebook 4.0.5 @ /Users/jacobcarter/Library/Application Support/Titanium/modules/iphone/facebook/4.0.5
[DEBUG]  Detected iphone module: facebook 5.0.1 @ /Users/jacobcarter/Library/Application Support/Titanium/modules/iphone/facebook/5.0.1
[DEBUG]  Detected iphone module: ti.coremotion 1.1.0 @ /Users/jacobcarter/Library/Application Support/Titanium/modules/iphone/ti.coremotion/1.1.0
[DEBUG]  Detected iphone module: ti.coremotion 2.0.0 @ /Users/jacobcarter/Library/Application Support/Titanium/modules/iphone/ti.coremotion/2.0.0
[DEBUG]  Detected iphone module: ti.map 2.2.2 @ /Users/jacobcarter/Library/Application Support/Titanium/modules/iphone/ti.map/2.2.2
[DEBUG]  Detected iphone module: ti.map 2.4.1 @ /Users/jacobcarter/Library/Application Support/Titanium/modules/iphone/ti.map/2.4.1
[DEBUG]  Detected iphone module: ti.map 2.5.2 @ /Users/jacobcarter/Library/Application Support/Titanium/modules/iphone/ti.map/2.5.2
[DEBUG]  Detected iphone module: ti.safaridialog 1.0.2 @ /Users/jacobcarter/Library/Application Support/Titanium/modules/iphone/ti.safaridialog/1.0.2
[DEBUG]  Detected iphone module: ti.safaridialog 1.0.5 @ /Users/jacobcarter/Library/Application Support/Titanium/modules/iphone/ti.safaridialog/1.0.5
[DEBUG]  Detected iphone module: ti.touchid 1.1.0 @ /Users/jacobcarter/Library/Application Support/Titanium/modules/iphone/ti.touchid/1.1.0
[DEBUG]  Detected iphone module: ti.touchid 1.2.0 @ /Users/jacobcarter/Library/Application Support/Titanium/modules/iphone/ti.touchid/1.2.0
[DEBUG]  No project level plugins to load
[TRACE]  Snapshotting build directory
[DEBUG]  Titanium SDK Android directory: /Users/jacobcarter/Library/Application Support/Titanium/mobilesdk/osx/5.2.0.GA/android
[INFO]   Deploy type: development
[INFO]   Building for target: device
[INFO]   Building for device: 05157df51ac72c30
[INFO]   Targeting Android SDK API: 23
[INFO]   Building for the following architectures: armeabi, armeabi-v7a, x86
[INFO]   Signing with keystore: /Users/jacobcarter/Library/Application Support/Titanium/mobilesdk/osx/5.2.0.GA/android/dev_keystore (tidev)
[DEBUG]  App ID: com.carter.project2
[DEBUG]  Classname: Project2
[INFO]   Debugging disabled
[INFO]   Profiler disabled
[INFO]   Forcing rebuild: /Users/jacobcarter/Documents/AVF/Project2/build/android/build-manifest.json does not exist
[TRACE]  offline build file /var/folders/jq/f45s60gd5rsbdtnw_fllr1d00000gn/T/build-87fc99bd791f2187034676983436c14a18204db5.json
[TRACE]  online 1
[TRACE]  optimizing build, last build was 32613.447 sec ago
[DEBUG]  Copying /Users/jacobcarter/Documents/AVF/Project2/Resources
[WARN]   Overwriting file /Users/jacobcarter/Documents/AVF/Project2/build/android/bin/assets/Resources/KS_nav_ui.png
[DEBUG]  Symlinking /Users/jacobcarter/Documents/AVF/Project2/Resources/KS_nav_ui.png => /Users/jacobcarter/Documents/AVF/Project2/build/android/bin/assets/Resources/KS_nav_ui.png
[WARN]   Overwriting file /Users/jacobcarter/Documents/AVF/Project2/build/android/bin/assets/Resources/KS_nav_views.png
[DEBUG]  Symlinking /Users/jacobcarter/Documents/AVF/Project2/Resources/KS_nav_views.png => /Users/jacobcarter/Documents/AVF/Project2/build/android/bin/assets/Resources/KS_nav_views.png
[DEBUG]  Ignoring /Users/jacobcarter/Documents/AVF/Project2/Resources/android
[WARN]   Overwriting file /Users/jacobcarter/Documents/AVF/Project2/build/android/bin/assets/Resources/background.png
[DEBUG]  Symlinking /Users/jacobcarter/Documents/AVF/Project2/Resources/background.png => /Users/jacobcarter/Documents/AVF/Project2/build/android/bin/assets/Resources/background.png
[DEBUG]  Ignoring /Users/jacobcarter/Documents/AVF/Project2/Resources/iphone
[DEBUG]  Ignoring /Users/jacobcarter/Documents/AVF/Project2/Resources/mobileweb
[DEBUG]  Copying /Users/jacobcarter/Documents/AVF/Project2/Resources/android
[WARN]   Overwriting file /Users/jacobcarter/Documents/AVF/Project2/build/android/bin/assets/Resources/appicon.png
[DEBUG]  Symlinking /Users/jacobcarter/Documents/AVF/Project2/Resources/android/appicon.png => /Users/jacobcarter/Documents/AVF/Project2/build/android/bin/assets/Resources/appicon.png
[DEBUG]  Symlinking /Users/jacobcarter/Documents/AVF/Project2/Resources/android/default.png => /Users/jacobcarter/Documents/AVF/Project2/build/android/res/drawable/background.png
[DEBUG]  Symlinking /Users/jacobcarter/Documents/AVF/Project2/Resources/android/images/res-long-land-hdpi/default.png => /Users/jacobcarter/Documents/AVF/Project2/build/android/res/drawable-long-land-hdpi/background.png
[DEBUG]  Symlinking /Users/jacobcarter/Documents/AVF/Project2/Resources/android/images/res-long-land-ldpi/default.png => /Users/jacobcarter/Documents/AVF/Project2/build/android/res/drawable-long-land-ldpi/background.png
[DEBUG]  Symlinking /Users/jacobcarter/Documents/AVF/Project2/Resources/android/images/res-long-port-hdpi/default.png => /Users/jacobcarter/Documents/AVF/Project2/build/android/res/drawable-long-port-hdpi/background.png
[DEBUG]  Symlinking /Users/jacobcarter/Documents/AVF/Project2/Resources/android/images/res-long-port-ldpi/default.png => /Users/jacobcarter/Documents/AVF/Project2/build/android/res/drawable-long-port-ldpi/background.png
[DEBUG]  Symlinking /Users/jacobcarter/Documents/AVF/Project2/Resources/android/images/res-notlong-land-hdpi/default.png => /Users/jacobcarter/Documents/AVF/Project2/build/android/res/drawable-notlong-land-hdpi/background.png
[DEBUG]  Symlinking /Users/jacobcarter/Documents/AVF/Project2/Resources/android/images/res-notlong-land-ldpi/default.png => /Users/jacobcarter/Documents/AVF/Project2/build/android/res/drawable-notlong-land-ldpi/background.png
[DEBUG]  Symlinking /Users/jacobcarter/Documents/AVF/Project2/Resources/android/images/res-notlong-land-mdpi/default.png => /Users/jacobcarter/Documents/AVF/Project2/build/android/res/drawable-notlong-land-mdpi/background.png
[DEBUG]  Symlinking /Users/jacobcarter/Documents/AVF/Project2/Resources/android/images/res-notlong-port-hdpi/default.png => /Users/jacobcarter/Documents/AVF/Project2/build/android/res/drawable-notlong-port-hdpi/background.png
[DEBUG]  Symlinking /Users/jacobcarter/Documents/AVF/Project2/Resources/android/images/res-notlong-port-ldpi/default.png => /Users/jacobcarter/Documents/AVF/Project2/build/android/res/drawable-notlong-port-ldpi/background.png
[DEBUG]  Symlinking /Users/jacobcarter/Documents/AVF/Project2/Resources/android/images/res-notlong-port-mdpi/default.png => /Users/jacobcarter/Documents/AVF/Project2/build/android/res/drawable-notlong-port-mdpi/background.png
[DEBUG]  Symlinking /Users/jacobcarter/Documents/AVF/Project2/build/android/bin/assets/Resources/appicon.png => /Users/jacobcarter/Documents/AVF/Project2/build/android/res/drawable/appicon.png
[INFO]   Processing JavaScript files
[DEBUG]  Symlinking /Users/jacobcarter/Documents/AVF/Project2/Resources/api.js => /Users/jacobcarter/Documents/AVF/Project2/build/android/assets/api.js
[DEBUG]  Symlinking /var/folders/jq/f45s60gd5rsbdtnw_fllr1d00000gn/T/liveview.js => /Users/jacobcarter/Documents/AVF/Project2/build/android/assets/app.js
[DEBUG]  Symlinking /Users/jacobcarter/Documents/AVF/Project2/Resources/database.js => /Users/jacobcarter/Documents/AVF/Project2/build/android/assets/database.js
[DEBUG]  Symlinking /Users/jacobcarter/Documents/AVF/Project2/Resources/geo.js => /Users/jacobcarter/Documents/AVF/Project2/build/android/assets/geo.js
[DEBUG]  Symlinking /Users/jacobcarter/Documents/AVF/Project2/Resources/ui.js => /Users/jacobcarter/Documents/AVF/Project2/build/android/assets/ui.js
[INFO]   Encrypting JavaScript files: /Users/jacobcarter/Library/Application Support/Titanium/mobilesdk/osx/5.2.0.GA/android/titanium_prep.macos "com.carter.project2" "/Users/jacobcarter/Documents/AVF/Project2/build/android/assets" "api.js" "app.js" "database.js" "geo.js" "ui.js" "_app_props_.
[DEB
[DEBUG]  Adding library /Users/jacobcarter/Library/Application Support/Titanium/mobilesdk/osx/5.2.0.GA/android/kroll-v8.jar
[DEBUG]  Adding library /Users/jacobcarter/Library/Application Support/Titanium/mobilesdk/osx/5.2.0.GA/android/modules/titanium-analytics.jar
[DEBUG]  Adding dependency library /Users/jacobcarter/Library/Application Support/Titanium/mobilesdk/osx/5.2.0.GA/android/aps-analytics.jar
[DEBUG]  Adding library /Users/jacobcarter/Library/Application Support/Titanium/mobilesdk/osx/5.2.0.GA/android/modules/titanium-android.jar
[DEBUG]  Adding dependency library /Users/jacobcarter/Library/Application Support/Titanium/mobilesdk/osx/5.2.0.GA/android/jaxen-1.1.1.jar
[DEBUG]  Adding dependency library /Users/jacobcarter/Library/Application Support/Titanium/mobilesdk/osx/5.2.0.GA/android/ti-commons-codec-1.3.jar
[DEBUG]  Adding dependency library /Users/jacobcarter/Library/Application Support/Titanium/mobilesdk/osx/5.2.0.GA/android/kroll-common.jar
[DEBUG]  Adding dependency library /Users/jacobcarter/Library/Application Support/Titanium/mobilesdk/osx/5.2.0.GA/android/titanium.jar
[DEBUG]  Adding library /Users/jacobcarter/Library/Application Support/Titanium/mobilesdk/osx/5.2.0.GA/android/modules/titanium-app.jar
[DEBUG]  Adding library /Users/jacobcarter/Library/Application Support/Titanium/mobilesdk/osx/5.2.0.GA/android/modules/titanium-ui.jar
[DEBUG]  Adding dependency library /Users/jacobcarter/Library/Application Support/Titanium/mobilesdk/osx/5.2.0.GA/android/nineoldandroids-appc-2.4.0.jar
[DEBUG]  Adding library /Users/jacobcarter/Library/Application Support/Titanium/mobilesdk/osx/5.2.0.GA/android/modules/titanium-filesystem.jar
[DEBUG]  Adding library /Users/jacobcarter/Library/Application Support/Titanium/mobilesdk/osx/5.2.0.GA/android/modules/titanium-media.jar
[DEBUG]  Adding library /Users/jacobcarter/Library/Application Support/Titanium/mobilesdk/osx/5.2.0.GA/android/modules/titanium-appcompat.jar
[DEBUG]  Adding dependency library /Users/jacobcarter/Library/Application Support/Titanium/mobilesdk/osx/5.2.0.GA/android/android-support-v4.jar
[DEBUG]  Adding dependency library /Users/jacobcarter/Library/Application Support/Titanium/mobilesdk/osx/5.2.0.GA/android/android-support-v7-appcompat.jar
[DEBUG]  Adding library /Users/jacobcarter/Library/Application Support/Titanium/mobilesdk/osx/5.2.0.GA/android/modules/titanium-cardview.jar
[DEBUG]  Adding dependency library /Users/jacobcarter/Library/Application Support/Titanium/mobilesdk/osx/5.2.0.GA/android/cardview-v7-23.0.1.jar
[DEBUG]  Adding library /Users/jacobcarter/Library/Application Support/Titanium/mobilesdk/osx/5.2.0.GA/android/modules/titanium-locale.jar
[DEBUG]  Adding library /Users/jacobcarter/Library/Application Support/Titanium/mobilesdk/osx/5.2.0.GA/android/modules/titanium-network.jar
[DEBUG]  Adding library /Users/jacobcarter/Library/Application Support/Titanium/mobilesdk/osx/5.2.0.GA/android/modules/titanium-xml.jar
[DEBUG]  Adding library /Users/jacobcarter/Library/Application Support/Titanium/mobilesdk/osx/5.2.0.GA/android/modules/titanium-utils.jar
[DEBUG]  Adding library /Users/jacobcarter/Library/Application Support/Titanium/mobilesdk/osx/5.2.0.GA/android/modules/titanium-geolocation.jar
[DEBUG]  Adding library /Users/jacobcarter/Library/Application Support/Titanium/mobilesdk/osx/5.2.0.GA/android/modules/titanium-accelerometer.jar
[DEBUG]  Adding library /Users/jacobcarter/Library/Application Support/Titanium/mobilesdk/osx/5.2.0.GA/android/modules/titanium-contacts.jar
[DEBUG]  Adding library /Users/jacobcarter/Library/Application Support/Titanium/mobilesdk/osx/5.2.0.GA/android/modules/titanium-map.jar
[DEBUG]  Adding library /Users/jacobcarter/Library/Application Support/Titanium/mobilesdk/osx/5.2.0.GA/android/modules/titanium-gesture.jar
[DEBUG]  Adding library /Users/jacobcarter/Library/Application Support/Titanium/mobilesdk/osx/5.2.0.GA/android/modules/titanium-calendar.jar
[DEBUG]  Adding library /Users/jacobcarter/Library/Application Support/Titanium/mobilesdk/osx/5.2.0.GA/android/modules/titanium-platform.jar
[DEBUG]  Adding library /Users/jacobcarter/Library/Application Support/Titanium/mobilesdk/osx/5.2.0.GA/android/modules/titanium-database.jar
[DEBUG]  Unknown namespace stream, skipping
[DEBUG]  Unknown namespace platform.displaycaps, skipping
[INFO]   Writing /Users/jacobcarter/Documents/AVF/Project2/build/android/bin/assets/app.json
[INFO]   Extracting module resources: /Users/jacobcarter/Library/Application Support/Titanium/mobilesdk/osx/5.2.0.GA/android/modules/titanium-analytics.res.zip
[DEBUG]  Merging /var/folders/jq/f45s60gd5rsbdtnw_fllr1d00000gn/T/116212-63922-cx4a9y/res/values/strings.xml => /Users/jacobcarter/Documents/AVF/Project2/build/android/res/values/strings.xml
[INFO]   Extracting module resources: /Users/jacobcarter/Library/Application Support/Titanium/mobilesdk/osx/5.2.0.GA/android/modules/titanium-android.res.zip
[DEBUG]  Merging /var/folders/jq/f45s60gd5rsbdtnw_fllr1d00000gn/T/116212-63922-1h6gtxz/res/values/strings.xml => /Users/jacobcarter/Documents/AVF/Project2/build/android/res/values/strings.xml
[INFO]   Extracting module resources: /Users/jacobcarter/Library/Application Support/Titanium/mobilesdk/osx/5.2.0.GA/android/modules/titanium-app.res.zip
[DEBUG]  Merging /var/folders/jq/f45s60gd5rsbdtnw_fllr1d00000gn/T/116212-63922-12kld3x/res/values/strings.xml => /Users/jacobcarter/Documents/AVF/Project2/build/android/res/values/strings.xml
[INFO]   Extracting module resources: /Users/jacobcarter/Library/Application Support/Titanium/mobilesdk/osx/5.2.0.GA/android/modules/titanium-filesystem.res.zip
[DEBUG]  Merging /var/folders/jq/f45s60gd5rsbdtnw_fllr1d00000gn/T/116212-63922-1ygpbos/res/values/strings.xml => /Users/jacobcarter/Documents/AVF/Project2/build/android/res/values/strings.xml
[INFO]   Extracting module resources: /Users/jacobcarter/Library/Application Support/Titanium/mobilesdk/osx/5.2.0.GA/android/modules/titanium-media.res.zip
[DEBUG]  Merging /var/folders/jq/f45s60gd5rsbdtnw_fllr1d00000gn/T/116212-63922-3dzmjd/res/values/strings.xml => /Users/jacobcarter/Documents/AVF/Project2/build/android/res/values/strings.xml
[INFO]   Extracting module resources: /Users/jacobcarter/Library/Application Support/Titanium/mobilesdk/osx/5.2.0.GA/android/modules/titanium-locale.res.zip
[DEBUG]  Merging /var/folders/jq/f45s60gd5rsbdtnw_fllr1d00000gn/T/116212-63922-1qi62lj/res/values/strings.xml => /Users/jacobcarter/Documents/AVF/Project2/build/android/res/values/strings.xml
[INFO]   Extracting module resources: /Users/jacobcarter/Library/Application Support/Titanium/mobilesdk/osx/5.2.0.GA/android/modules/titanium-network.res.zip
[DEBUG]  Merging /var/folders/jq/f45s60gd5rsbdtnw_fllr1d00000gn/T/116212-63922-zy15zl/res/values/strings.xml => /Users/jacobcarter/Documents/AVF/Project2/build/android/res/values/strings.xml
[INFO]   Extracting module resources: /Users/jacobcarter/Library/Application Support/Titanium/mobilesdk/osx/5.2.0.GA/android/modules/titanium-xml.res.zip
[DEBUG]  Merging /var/folders/jq/f45s60gd5rsbdtnw_fllr1d00000gn/T/116212-63922-bc4m6s/res/values/strings.xml => /Users/jacobcarter/Documents/AVF/Project2/build/android/res/values/strings.xml
[INFO]   Extracting module resources: /Users/jacobcarter/Library/Application Support/Titanium/mobilesdk/osx/5.2.0.GA/android/modules/titanium-utils.res.zip
[DEBUG]  Merging /var/folders/jq/f45s60gd5rsbdtnw_fllr1d00000gn/T/116212-63922-pjztfj/res/values/strings.xml => /Users/jacobcarter/Documents/AVF/Project2/build/android/res/values/strings.xml
[INFO]   Extracting module resources: /Users/jacobcarter/Library/Application Support/Titanium/mobilesdk/osx/5.2.0.GA/android/modules/titanium-geolocation.res.zip
[DEBUG]  Merging /var/folders/jq/f45s60gd5rsbdtnw_fllr1d00000gn/T/116212-63922-avzcwa/res/values/strings.xml => /Users/jacobcarter/Documents/AVF/Project2/build/android/res/values/strings.xml
[INFO]   Extracting module resources: /Users/jacobcarter/Library/Application Support/Titanium/mobilesdk/osx/5.2.0.GA/android/modules/titanium-accelerometer.res.zip
[DEBUG]  Merging /var/folders/jq/f45s60gd5rsbdtnw_fllr1d00000gn/T/116212-63922-bp8xpq/res/values/strings.xml => /Users/jacobcarter/Documents/AVF/Project2/build/android/res/values/strings.xml
[INFO]   Extracting module resources: /Users/jacobcarter/Library/Application Support/Titanium/mobilesdk/osx/5.2.0.GA/android/modules/titanium-contacts.res.zip
[DEBUG]  Merging /var/folders/jq/f45s60gd5rsbdtnw_fllr1d00000gn/T/116212-63922-fzhmer/res/values/strings.xml => /Users/jacobcarter/Documents/AVF/Project2/build/android/res/values/strings.xml
[INFO]   Extracting module resources: /Users/jacobcarter/Library/Application Support/Titanium/mobilesdk/osx/5.2.0.GA/android/modules/titanium-map.res.zip
[DEBUG]  Merging /var/folders/jq/f45s60gd5rsbdtnw_fllr1d00000gn/T/116212-63922-tra1oi/res/values/strings.xml => /Users/jacobcarter/Documents/AVF/Project2/build/android/res/values/strings.xml
[INFO]   Extracting module resources: /Users/jacobcarter/Library/Application Support/Titanium/mobilesdk/osx/5.2.0.GA/android/modules/titanium-gesture.res.zip
[DEBUG]  Merging /var/folders/jq/f45s60gd5rsbdtnw_fllr1d00000gn/T/116212-63922-c6uoov/res/values/strings.xml => /Users/jacobcarter/Documents/AVF/Project2/build/android/res/values/strings.xml
[INFO]   Extracting module resources: /Users/jacobcarter/Library/Application Support/Titanium/mobilesdk/osx/5.2.0.GA/android/modules/titanium-calendar.res.zip
[DEBUG]  Merging /var/folders/jq/f45s60gd5rsbdtnw_fllr1d00000gn/T/116212-63922-3ghjdm/res/values/strings.xml => /Users/jacobcarter/Documents/AVF/Project2/build/android/res/values/strings.xml
[INFO]   Extracting module resources: /Users/jacobcarter/Library/Application Support/Titanium/mobilesdk/osx/5.2.0.GA/android/modules/titanium-platform.res.zip
[DEBUG]  Merging /var/folders/jq/f45s60gd5rsbdtnw_fllr1d00000gn/T/116212-63922-z8783t/res/values/strings.xml => /Users/jacobcarter/Documents/AVF/Project2/build/android/res/values/strings.xml
[INFO]   Extracting module resources: /Users/jacobcarter/Library/Application Support/Titanium/mobilesdk/osx/5.2.0.GA/android/modules/titanium-database.res.zip
[DEBUG]  Merging /var/folders/jq/f45s60gd5rsbdtnw_fllr1d00000gn/T/116212-63922-oluorw/res/values/strings.xml => /Users/jacobcarter/Documents/AVF/Project2/build/android/res/values/strings.xml
[DEBUG]  Removing old file: /Users/jacobcarter/Documents/AVF/Project2/build/android/.classpath
[DEBUG]  Removing old file: /Users/jacobcarter/Documents/AVF/Project2/build/android/.gitignore
[DEBUG]  Removing old file: /Users/jacobcarter/Documents/AVF/Project2/build/android/.project
[DEBUG]  Removing old file: /Users/jacobcarter/Documents/AVF/Project2/build/android/AndroidManifest.xml
[DEBUG]  Removing old file: /Users/jacobcarter/Documents/AVF/Project2/build/android/default.properties
[DEBUG]  Copying template /Users/jacobcarter/Library/Application Support/Titanium/mobilesdk/osx/5.2.0.GA/android/templates/build/AppInfo.java => /Users/jacobcarter/Documents/AVF/Project2/build/android/gen/com/carter/project2/Project2AppInfo.java
[DEBUG]  Copying template /Users/jacobcarter/Library/Application Support/Titanium/mobilesdk/osx/5.2.0.GA/android/templates/build/App.java => /Users/jacobcarter/Documents/AVF/Project2/build/android/gen/com/carter/project2/Project2Application.java
[DEBUG]  Copying template /Users/jacobcarter/Library/Application Support/Titanium/mobilesdk/osx/5.2.0.GA/android/templates/build/Activity.java => /Users/jacobcarter/Documents/AVF/Project2/build/android/gen/com/carter/project2/Project2Activity.java
[DEBUG]  Copying template /Users/jacobcarter/Library/Application Support/Titanium/mobilesdk/osx/5.2.0.GA/android/templates/build/project => /Users/jacobcarter/Documents/AVF/Project2/build/android/.project
[DEBUG]  Copying template /Users/jacobcarter/Library/Application Support/Titanium/mobilesdk/osx/5.2.0.GA/android/templates/build/default.properties => /Users/jacobcarter/Documents/AVF/Project2/build/android/default.properties
[DEBUG]  Copying /Users/jacobcarter/Library/Application Support/Titanium/mobilesdk/osx/5.2.0.GA/android/templates/build/gitignore => /Users/jacobcarter/Documents/AVF/Project2/build/android/.gitignore
[DEBUG]  Copying /Users/jacobcarter/Library/Application Support/Titanium/mobilesdk/osx/5.2.0.GA/android/templates/build/classpath => /Users/jacobcarter/Documents/AVF/Project2/build/android/.classpath
[INFO]   No aidl files to compile, continuing
[INFO]   Generating i18n files
[DEBUG]  Merging en strings => /Users/jacobcarter/Documents/AVF/Project2/build/android/res/values/strings.xml
[INFO]   Packaging application: /Users/jacobcarter/Library/android-sdk-macosx/build-tools/23.0.1/aapt "package" "-f" "-m" "-J" "/Users/jacobcarter/Documents/AVF/Project2/build/android/gen" "-M" "/Users/jacobcarter/Documents/AVF/Project2/build/android/AndroidManifest.xml" "-A" "/Users/jacobcarter/Documents/AVF/Project2/build/android/bin/assets" "-S" "/Users/jacobcarter/Documents/AVF/Project2/build/android/res" "-I" "/Users/jacobcarter/Library/android-sdk-macosx/platforms/android-23/android.jar" "-F" "/Users/jacobcarter/Documents/AVF/Project2/build/android/bin/app.ap_" "--auto-add-overlay" "--extra-packages" "ti.modules.titanium.ui:android.support.v7.appcompat:android.support.v7.cardview" "-S" "/var/folders/jq/f45s60gd5rsbdtnw_fllr1d00000gn/T/116212-63922-jmaob7/res" "-S" "/var/folders/jq/f45s60gd5rsbdtnw_fllr1d00000gn/T/116212-63922-66ua5g/res" "-S" "/var/folders/jq/f45s60gd5rsbdtnw_fllr1d00000gn/T/116212-63922-v98bfi/res"
[INFO]   Building Java source files: /Library/Java/JavaVirtualMachines/jdk1.8.0_73.jdk/Contents/Home/bin/javac "-J-Xmx1024M" "-encoding" "utf8" "-bootclasspath" "/Users/jacobcarter/Library/android-sdk-macosx/platforms/android-23/android.jar:/Users/jacobcarter/Library/Application Support/Titanium/mobilesdk/osx/5.2.0.GA/android/kroll-v8.jar:/Users/jacobcarter/Library/Application Support/Titanium/mobilesdk/osx/5.2.0.GA/android/modules/titanium-analytics.jar:/Users/jacobcarter/Library/Application Support/Titanium/mobilesdk/osx/5.2.0.GA/android/aps-analytics.jar:/Users/jacobcarter/Library/Application Support/Titanium/mobilesdk/osx/5.2.0.GA/android/modules/titanium-android.jar:/Users/jacobcarter/Library/Application Support/Titanium/mobilesdk/osx/5.2.0.GA/android/jaxen-1.1.1.jar:/Users/jacobcarter/Library/Application Support/Titanium/mobilesdk/osx/5.2.0.GA/android/ti-commons-codec-1.3.jar:/Users/jacobcarter/Library/Application Support/Titanium/mobilesdk/osx/5.2.0.GA/android/kroll-common.jar:/Users/jacobcarter/Library/Application Support/Titanium/mobilesdk/osx/5.2.0.GA/android/titanium.jar:/Users/jacobcarter/Library/Application Support/Titanium/mobilesdk/osx/5.2.0.GA/android/modules/titanium-app.jar:/Users/jacobcarter/Library/Application Support/Titanium/mobilesdk/osx/5.2.0.GA/android/modules/titanium-ui.jar:/Users/jacobcarter/Library/Application Support/Titanium/mobilesdk/osx/5.2.0.GA/android/nineoldandroids-appc-2.4.0.jar:/Users/jacobcarter/Library/Application Support/Titanium/mobilesdk/osx/5.2.0.GA/android/modules/titanium-filesystem.jar:/Users/jacobcarter/Library/Application Support/Titanium/mobilesdk/osx/5.2.0.GA/android/modules/titanium-media.jar:/Users/jacobcarter/Library/Application Support/Titanium/mobilesdk/osx/5.2.0.GA/android/modules/titanium-appcompat.jar:/Users/jacobcarter/Library/Application Support/Titanium/mobilesdk/osx/5.2.0.GA/android/android-support-v4.jar:/Users/jacobcarter/Library/Application Support/Titanium/mobilesdk/osx/5.2.0.GA/android/android-support-v7-appcompat.jar:/Users/jacobcarter/Library/Application Support/Titanium/mobilesdk/osx/5.2.0.GA/android/modules/titanium-cardview.jar:/Users/jacobcarter/Library/Application Support/Titanium/mobilesdk/osx/5.2.0.GA/android/cardview-v7-23.0.1.jar:/Users/jacobcarter/Library/Application Support/Titanium/mobilesdk/osx/5.2.0.GA/android/modules/titanium-locale.jar:/Users/jacobcarter/Library/Application Support/Titanium/mobilesdk/osx/5.2.0.GA/android/modules/titanium-network.jar:/Users/jacobcarter/Library/Application Support/Titanium/mobilesdk/osx/5.2.0.GA/android/modules/titanium-xml.jar:/Users/jacobcarter/Library/Application Support/Titanium/mobilesdk/osx/5.2.0.GA/android/modules/titanium-utils.jar:/Users/jacobcarter/Library/Application Support/Titanium/mobilesdk/osx/5.2.0.GA/android/modules/titanium-geolocation.jar:/Users/jacobcarter/Library/Application Support/Titanium/mobilesdk/osx/5.2.0.GA/android/modules/titanium-accelerometer.jar:/Users/jacobcarter/Library/Application Support/Titanium/mobilesdk/osx/5.2.0.GA/android/modules/titanium-contacts.jar:/Users/jacobcarter/Library/Application Support/Titanium/mobilesdk/osx/5.2.0.GA/android/modules/titanium-map.jar:/Users/jacobcarter/Library/Application Support/Titanium/mobilesdk/osx/5.2.0.GA/android/modules/titanium-gesture.jar:/Users/jacobcarter/Library/Application Support/Titanium/mobilesdk/osx/5.2.0.GA/android/modules/titanium-calendar.jar:/Users/jacobcarter/Library/Application Support/Titanium/mobilesdk/osx/5.2.0.GA/android/modules/titanium-platform.jar:/Users/jacobcarter/Library/Application Support/Titanium/mobilesdk/osx/5.2.0.GA/android/modules/titanium-database.jar:/Users/jacobcarter/Library/Application Support/Titanium/mobilesdk/osx/5.2.0.GA/android/lib/titanium-verify.jar:R.class:AssetCryptImpl.class:Project2Activity.class:Project2AppInfo.class:Project2Application.class" "-d" "/Users/jacobcarter/Documents/AVF/Project2/build/android/bin/classes" "-proc:none" "-target" "1.6" "-source" "1.6" "@/Users/jacobcarter/Documents/AVF/Project2/build/android/java-sources.txt"
[INFO]   Running dexer: /Library/Java/JavaVirtualMachines/jdk1.8.0_73.jdk/Contents/Home/bin/java "-Xmx1024M" "-XX:-UseGCOverheadLimit" "-Djava.ext.dirs=/Users/jacobcarter/Library/android-sdk-macosx/platform-tools" "-jar" "/Users/jacobcarter/Library/android-sdk-macosx/build-tools/23.0.1/lib/dx.jar" "--dex" "--output=/Users/jacobcarter/Documents/AVF/Project2/build/android/bin/classes.dex" "/Users/jacobcarter/Documents/AVF/Project2/build/android/bin/classes" "/Users/jacobcarter/Library/Application Support/Titanium/mobilesdk/osx/5.2.0.GA/android/lib/titanium-verify.jar" "/Users/jacobcarter/Library/Application Support/Titanium/mobilesdk/osx/5.2.0.GA/android/kroll-v8.jar" "/Users/jacobcarter/Library/Application Support/Titanium/mobilesdk/osx/5.2.0.GA/android/modules/titanium-analytics.jar" "/Users/jacobcarter/Library/Application Support/Titanium/mobilesdk/osx/5.2.0.GA/android/aps-analytics.jar" "/Users/jacobcarter/Library/Application Support/Titanium/mobilesdk/osx/5.2.0.GA/android/modules/titanium-android.jar" "/Users/jacobcarter/Library/Application Support/Titanium/mobilesdk/osx/5.2.0.GA/android/jaxen-1.1.1.jar" "/Users/jacobcarter/Library/Application Support/Titanium/mobilesdk/osx/5.2.0.GA/android/ti-commons-codec-1.3.jar" "/Users/jacobcarter/Library/Application Support/Titanium/mobilesdk/osx/5.2.0.GA/android/kroll-common.jar" "/Users/jacobcarter/Library/Application Support/Titanium/mobilesdk/osx/5.2.0.GA/android/titanium.jar" "/Users/jacobcarter/Library/Application Support/Titanium/mobilesdk/osx/5.2.0.GA/android/modules/titanium-app.jar" "/Users/jacobcarter/Library/Application Support/Titanium/mobilesdk/osx/5.2.0.GA/android/modules/titanium-ui.jar" "/Users/jacobcarter/Library/Application Support/Titanium/mobilesdk/osx/5.2.0.GA/android/nineoldandroids-appc-2.4.0.jar" "/Users/jacobcarter/Library/Application Support/Titanium/mobilesdk/osx/5.2.0.GA/android/modules/titanium-filesystem.jar" "/Users/jacobcarter/Library/Application Support/Titanium/mobilesdk/osx/5.2.0.GA/android/modules/titanium-media.jar" "/Users/jacobcarter/Library/Application Support/Titanium/mobilesdk/osx/5.2.0.GA/android/modules/titanium-appcompat.jar" "/Users/jacobcarter/Library/Application Support/Titanium/mobilesdk/osx/5.2.0.GA/android/android-support-v4.jar" "/Users/jacobcarter/Library/Application Support/Titanium/mobilesdk/osx/5.2.0.GA/android/android-support-v7-appcompat.jar" "/Users/jacobcarter/Library/Application Support/Titanium/mobilesdk/osx/5.2.0.GA/android/modules/titanium-cardview.jar" "/Users/jacobcarter/Library/Application Support/Titanium/mobilesdk/osx/5.2.0.GA/android/cardview-v7-23.0.1.jar" "/Users/jacobcarter/Library/Application Support/Titanium/mobilesdk/osx/5.2.0.GA/android/modules/titanium-locale.jar" "/Users/jacobcarter/Library/Application Support/Titanium/mobilesdk/osx/5.2.0.GA/android/modules/titanium-network.jar" "/Users/jacobcarter/Library/Application Support/Titanium/mobilesdk/osx/5.2.0.GA/android/modules/titanium-xml.jar" "/Users/jacobcarter/Library/Application Support/Titanium/mobilesdk/osx/5.2.0.GA/android/modules/titanium-utils.jar" "/Users/jacobcarter/Library/Application Support/Titanium/mobilesdk/osx/5.2.0.GA/android/modules/titanium-geolocation.jar" "/Users/jacobcarter/Library/Application Support/Titanium/mobilesdk/osx/5.2.0.GA/android/modules/titanium-accelerometer.jar" "/Users/jacobcarter/Library/Application Support/Titanium/mobilesdk/osx/5.2.0.GA/android/modules/titanium-contacts.jar" "/Users/jacobcarter/Library/Application Support/Titanium/mobilesdk/osx/5.2.0.GA/android/modules/titanium-map.jar" "/Users/jacobcarter/Library/Application Support/Titanium/mobilesdk/osx/5.2.0.GA/android/modules/titanium-gesture.jar" "/Users/jacobcarter/Library/Application Support/Titanium/mobilesdk/osx/5.2.0.GA/android/modules/titanium-calendar.jar" "/Users/jacobcarter/Library/Application Support/Titanium/mobilesdk/osx/5.2.0.GA/android/modules/titanium-platform.jar" "/Users/jacobcarter/Library/Application Support/Titanium/mobilesdk/osx/5.2.0.GA/android/modules/titanium-database.jar"
[INFO]   Creating unsigned apk
[DEBUG]  Processing /Users/jacobcarter/Documents/AVF/Project2/build/android/bin/app.ap_
[DEBUG]  Deflating AndroidManifest.xml
[DEBUG]  Adding assets/Resources/KS_nav_ui.png
[DEBUG]  Adding assets/Resources/KS_nav_views.png
[DEBUG]  Adding assets/Resources/appicon.png
[DEBUG]  Adding assets/Resources/background.png
[DEBUG]  Deflating assets/app.json
[DEBUG]  Deflating assets/index.json
[DEBUG]  Deflating res/anim/abc_fade_in.xml
[DEBUG]  Deflating res/anim/abc_fade_out.xml
[DEBUG]  Deflating res/anim/abc_grow_fade_in_from_bottom.xml
[DEBUG]  Deflating res/anim/abc_popup_enter.xml
[DEBUG]  Deflating res/anim/abc_popup_exit.xml
[DEBUG]  Deflating res/anim/abc_shrink_fade_out_from_bottom.xml
[DEBUG]  Deflating res/anim/abc_slide_in_bottom.xml
[DEBUG]  Deflating res/anim/abc_slide_in_top.xml
[DEBUG]  Deflating res/anim/abc_slide_out_bottom.xml
[DEBUG]  Deflating res/anim/abc_slide_out_top.xml
[DEBUG]  Deflating res/color-v11/abc_background_cache_hint_selector_material_dark.xml
[DEBUG]  Deflating res/color-v11/abc_background_cache_hint_selector_material_light.xml
[DEBUG]  Deflating res/color-v23/abc_color_highlight_material.xml
[DEBUG]  Deflating res/color/abc_background_cache_hint_selector_material_dark.xml
[DEBUG]  Deflating res/color/abc_background_cache_hint_selector_material_light.xml
[DEBUG]  Deflating res/color/abc_primary_text_disable_only_material_dark.xml
[DEBUG]  Deflating res/color/abc_primary_text_disable_only_material_light.xml
[DEBUG]  Deflating res/color/abc_primary_text_material_dark.xml
[DEBUG]  Deflating res/color/abc_primary_text_material_light.xml
[DEBUG]  Deflating res/color/abc_search_url_text.xml
[DEBUG]  Deflating res/color/abc_secondary_text_material_dark.xml
[DEBUG]  Deflating res/color/abc_secondary_text_material_light.xml
[DEBUG]  Deflating res/color/switch_thumb_material_dark.xml
[DEBUG]  Deflating res/color/switch_thumb_material_light.xml
[DEBUG]  Adding res/drawable-hdpi-v4/abc_ab_share_pack_mtrl_alpha.9.png
[DEBUG]  Adding res/drawable-hdpi-v4/abc_btn_check_to_on_mtrl_000.png
[DEBUG]  Adding res/drawable-hdpi-v4/abc_btn_check_to_on_mtrl_015.png
[DEBUG]  Adding res/drawable-hdpi-v4/abc_btn_radio_to_on_mtrl_000.png
[DEBUG]  Adding res/drawable-hdpi-v4/abc_btn_radio_to_on_mtrl_015.png
[DEBUG]  Adding res/drawable-hdpi-v4/abc_btn_rating_star_off_mtrl_alpha.png
[DEBUG]  Adding res/drawable-hdpi-v4/abc_btn_rating_star_on_mtrl_alpha.png
[DEBUG]  Adding res/drawable-hdpi-v4/abc_btn_switch_to_on_mtrl_00001.9.png
[DEBUG]  Adding res/drawable-hdpi-v4/abc_btn_switch_to_on_mtrl_00012.9.png
[DEBUG]  Adding res/drawable-hdpi-v4/abc_cab_background_top_mtrl_alpha.9.png
[DEBUG]  Adding res/drawable-hdpi-v4/abc_ic_ab_back_mtrl_am_alpha.png
[DEBUG]  Adding res/drawable-hdpi-v4/abc_ic_clear_mtrl_alpha.png
[DEBUG]  Adding res/drawable-hdpi-v4/abc_ic_commit_search_api_mtrl_alpha.png
[DEBUG]  Adding res/drawable-hdpi-v4/abc_ic_go_search_api_mtrl_alpha.png
[DEBUG]  Adding res/drawable-hdpi-v4/abc_ic_menu_copy_mtrl_am_alpha.png
[DEBUG]  Adding res/drawable-hdpi-v4/abc_ic_menu_cut_mtrl_alpha.png
[DEBUG]  Adding res/drawable-hdpi-v4/abc_ic_menu_moreoverflow_mtrl_alpha.png
[DEBUG]  Adding res/drawable-hdpi-v4/abc_ic_menu_paste_mtrl_am_alpha.png
[DEBUG]  Adding res/drawable-hdpi-v4/abc_ic_menu_selectall_mtrl_alpha.png
[DEBUG]  Adding res/drawable-hdpi-v4/abc_ic_menu_share_mtrl_alpha.png
[DEBUG]  Adding res/drawable-hdpi-v4/abc_ic_search_api_mtrl_alpha.png
[DEBUG]  Adding res/drawable-hdpi-v4/abc_ic_voice_search_api_mtrl_alpha.png
[DEBUG]  Adding res/drawable-hdpi-v4/abc_list_divider_mtrl_alpha.9.png
[DEBUG]  Adding res/drawable-hdpi-v4/abc_list_focused_holo.9.png
[DEBUG]  Adding res/drawable-hdpi-v4/abc_list_longpressed_holo.9.png
[DEBUG]  Adding res/drawable-hdpi-v4/abc_list_pressed_holo_dark.9.png
[DEBUG]  Adding res/drawable-hdpi-v4/abc_list_pressed_holo_light.9.png
[DEBUG]  Adding res/drawable-hdpi-v4/abc_list_selector_disabled_holo_dark.9.png
[DEBUG]  Adding res/drawable-hdpi-v4/abc_list_selector_disabled_holo_light.9.png
[DEBUG]  Adding res/drawable-hdpi-v4/abc_menu_hardkey_panel_mtrl_mult.9.png
[DEBUG]  Adding res/drawable-hdpi-v4/abc_popup_background_mtrl_mult.9.png
[DEBUG]  Adding res/drawable-hdpi-v4/abc_spinner_mtrl_am_alpha.9.png
[DEBUG]  Adding res/drawable-hdpi-v4/abc_switch_track_mtrl_alpha.9.png
[DEBUG]  Adding res/drawable-hdpi-v4/abc_tab_indicator_mtrl_alpha.9.png
[DEBUG]  Adding res/drawable-hdpi-v4/abc_textfield_activated_mtrl_alpha.9.png
[DEBUG]  Adding res/drawable-hdpi-v4/abc_textfield_default_mtrl_alpha.9.png
[DEBUG]  Adding res/drawable-hdpi-v4/abc_textfield_search_activated_mtrl_alpha.9.png
[DEBUG]  Adding res/drawable-hdpi-v4/abc_textfield_search_default_mtrl_alpha.9.png
[DEBUG]  Adding res/drawable-ldrtl-hdpi-v4/abc_ic_ab_back_mtrl_am_alpha.png
[DEBUG]  Adding res/drawable-ldrtl-hdpi-v4/abc_ic_menu_copy_mtrl_am_alpha.png
[DEBUG]  Adding res/drawable-ldrtl-hdpi-v4/abc_ic_menu_cut_mtrl_alpha.png
[DEBUG]  Adding res/drawable-ldrtl-hdpi-v4/abc_spinner_mtrl_am_alpha.9.png
[DEBUG]  Adding res/drawable-ldrtl-mdpi-v4/abc_ic_ab_back_mtrl_am_alpha.png
[DEBUG]  Adding res/drawable-ldrtl-mdpi-v4/abc_ic_menu_copy_mtrl_am_alpha.png
[DEBUG]  Adding res/drawable-ldrtl-mdpi-v4/abc_ic_menu_cut_mtrl_alpha.png
[DEBUG]  Adding res/drawable-ldrtl-mdpi-v4/abc_spinner_mtrl_am_alpha.9.png
[DEBUG]  Adding res/drawable-ldrtl-xhdpi-v4/abc_ic_ab_back_mtrl_am_alpha.png
[DEBUG]  Adding res/drawable-ldrtl-xhdpi-v4/abc_ic_menu_copy_mtrl_am_alpha.png
[DEBUG]  Adding res/drawable-ldrtl-xhdpi-v4/abc_ic_menu_cut_mtrl_alpha.png
[DEBUG]  Adding res/drawable-ldrtl-xhdpi-v4/abc_spinner_mtrl_am_alpha.9.png
[DEBUG]  Adding res/drawable-ldrtl-xxhdpi-v4/abc_ic_ab_back_mtrl_am_alpha.png
[DEBUG]  Adding res/drawable-ldrtl-xxhdpi-v4/abc_ic_menu_copy_mtrl_am_alpha.png
[DEBUG]  Adding res/drawable-ldrtl-xxhdpi-v4/abc_ic_menu_cut_mtrl_alpha.png
[DEBUG]  Adding res/drawable-ldrtl-xxhdpi-v4/abc_spinner_mtrl_am_alpha.9.png
[DEBUG]  Adding res/drawable-ldrtl-xxxhdpi-v4/abc_ic_ab_back_mtrl_am_alpha.png
[DEBUG]  Adding res/drawable-ldrtl-xxxhdpi-v4/abc_ic_menu_copy_mtrl_am_alpha.png
[DEBUG]  Adding res/drawable-ldrtl-xxxhdpi-v4/abc_ic_menu_cut_mtrl_alpha.png
[DEBUG]  Adding res/drawable-ldrtl-xxxhdpi-v4/abc_spinner_mtrl_am_alpha.9.png
[DEBUG]  Adding res/drawable-long-land-hdpi-v4/background.png
[DEBUG]  Adding res/drawable-long-land-ldpi-v4/background.png
[DEBUG]  Adding res/drawable-long-port-hdpi-v4/background.png
[DEBUG]  Adding res/drawable-long-port-ldpi-v4/background.png
[DEBUG]  Adding res/drawable-mdpi-v4/abc_ab_share_pack_mtrl_alpha.9.png
[DEBUG]  Adding res/drawable-mdpi-v4/abc_btn_check_to_on_mtrl_000.png
[DEBUG]  Adding res/drawable-mdpi-v4/abc_btn_check_to_on_mtrl_015.png
[DEBUG]  Adding res/drawable-mdpi-v4/abc_btn_radio_to_on_mtrl_000.png
[DEBUG]  Adding res/drawable-mdpi-v4/abc_btn_radio_to_on_mtrl_015.png
[DEBUG]  Adding res/drawable-mdpi-v4/abc_btn_rating_star_off_mtrl_alpha.png
[DEBUG]  Adding res/drawable-mdpi-v4/abc_btn_rating_star_on_mtrl_alpha.png
[DEBUG]  Adding res/drawable-mdpi-v4/abc_btn_switch_to_on_mtrl_00001.9.png
[DEBUG]  Adding res/drawable-mdpi-v4/abc_btn_switch_to_on_mtrl_00012.9.png
[DEBUG]  Adding res/drawable-mdpi-v4/abc_cab_background_top_mtrl_alpha.9.png
[DEBUG]  Adding res/drawable-mdpi-v4/abc_ic_ab_back_mtrl_am_alpha.png
[DEBUG]  Adding res/drawable-mdpi-v4/abc_ic_clear_mtrl_alpha.png
[DEBUG]  Adding res/drawable-mdpi-v4/abc_ic_commit_search_api_mtrl_alpha.png
[DEBUG]  Adding res/drawable-mdpi-v4/abc_ic_go_search_api_mtrl_alpha.png
[DEBUG]  Adding res/drawable-mdpi-v4/abc_ic_menu_copy_mtrl_am_alpha.png
[DEBUG]  Adding res/drawable-mdpi-v4/abc_ic_menu_cut_mtrl_alpha.png
[DEBUG]  Adding res/drawable-mdpi-v4/abc_ic_menu_moreoverflow_mtrl_alpha.png
[DEBUG]  Adding res/drawable-mdpi-v4/abc_ic_menu_paste_mtrl_am_alpha.png
[DEBUG]  Adding res/drawable-mdpi-v4/abc_ic_menu_selectall_mtrl_alpha.png
[DEBUG]  Adding res/drawable-mdpi-v4/abc_ic_menu_share_mtrl_alpha.png
[DEBUG]  Adding res/drawable-mdpi-v4/abc_ic_search_api_mtrl_alpha.png
[DEBUG]  Adding res/drawable-mdpi-v4/abc_ic_voice_search_api_mtrl_alpha.png
[DEBUG]  Adding res/drawable-mdpi-v4/abc_list_divider_mtrl_alpha.9.png
[DEBUG]  Adding res/drawable-mdpi-v4/abc_list_focused_holo.9.png
[DEBUG]  Adding res/drawable-mdpi-v4/abc_list_longpressed_holo.9.png
[DEBUG]  Adding res/drawable-mdpi-v4/abc_list_pressed_holo_dark.9.png
[DEBUG]  Adding res/drawable-mdpi-v4/abc_list_pressed_holo_light.9.png
[DEBUG]  Adding res/drawable-mdpi-v4/abc_list_selector_disabled_holo_dark.9.png
[DEBUG]  Adding res/drawable-mdpi-v4/abc_list_selector_disabled_holo_light.9.png
[DEBUG]  Adding res/drawable-mdpi-v4/abc_menu_hardkey_panel_mtrl_mult.9.png
[DEBUG]  Adding res/drawable-mdpi-v4/abc_popup_background_mtrl_mult.9.png
[DEBUG]  Adding res/drawable-mdpi-v4/abc_spinner_mtrl_am_alpha.9.png
[DEBUG]  Adding res/drawable-mdpi-v4/abc_switch_track_mtrl_alpha.9.png
[DEBUG]  Adding res/drawable-mdpi-v4/abc_tab_indicator_mtrl_alpha.9.png
[DEBUG]  Adding res/drawable-mdpi-v4/abc_textfield_activated_mtrl_alpha.9.png
[DEBUG]  Adding res/drawable-mdpi-v4/abc_textfield_default_mtrl_alpha.9.png
[DEBUG]  Adding res/drawable-mdpi-v4/abc_textfield_search_activated_mtrl_alpha.9.png
[DEBUG]  Adding res/drawable-mdpi-v4/abc_textfield_search_default_mtrl_alpha.9.png
[DEBUG]  Adding res/drawable-notlong-land-hdpi-v4/background.png
[DEBUG]  Adding res/drawable-notlong-land-ldpi-v4/background.png
[DEBUG]  Adding res/drawable-notlong-land-mdpi-v4/background.png
[DEBUG]  Adding res/drawable-notlong-port-hdpi-v4/background.png
[DEBUG]  Adding res/drawable-notlong-port-ldpi-v4/background.png
[DEBUG]  Adding res/drawable-notlong-port-mdpi-v4/background.png
[DEBUG]  Deflating res/drawable-v21/abc_action_bar_item_background_material.xml
[DEBUG]  Deflating res/drawable-v21/abc_btn_colored_material.xml
[DEBUG]  Deflating res/drawable-v23/abc_control_background_material.xml
[DEBUG]  Adding res/drawable-xhdpi-v4/abc_ab_share_pack_mtrl_alpha.9.png
[DEBUG]  Adding res/drawable-xhdpi-v4/abc_btn_check_to_on_mtrl_000.png
[DEBUG]  Adding res/drawable-xhdpi-v4/abc_btn_check_to_on_mtrl_015.png
[DEBUG]  Adding res/drawable-xhdpi-v4/abc_btn_radio_to_on_mtrl_000.png
[DEBUG]  Adding res/drawable-xhdpi-v4/abc_btn_radio_to_on_mtrl_015.png
[DEBUG]  Adding res/drawable-xhdpi-v4/abc_btn_rating_star_off_mtrl_alpha.png
[DEBUG]  Adding res/drawable-xhdpi-v4/abc_btn_rating_star_on_mtrl_alpha.png
[DEBUG]  Adding res/drawable-xhdpi-v4/abc_btn_switch_to_on_mtrl_00001.9.png
[DEBUG]  Adding res/drawable-xhdpi-v4/abc_btn_switch_to_on_mtrl_00012.9.png
[DEBUG]  Adding res/drawable-xhdpi-v4/abc_cab_background_top_mtrl_alpha.9.png
[DEBUG]  Adding res/drawable-xhdpi-v4/abc_ic_ab_back_mtrl_am_alpha.png
[DEBUG]  Adding res/drawable-xhdpi-v4/abc_ic_clear_mtrl_alpha.png
[DEBUG]  Adding res/drawable-xhdpi-v4/abc_ic_commit_search_api_mtrl_alpha.png
[DEBUG]  Adding res/drawable-xhdpi-v4/abc_ic_go_search_api_mtrl_alpha.png
[DEBUG]  Adding res/drawable-xhdpi-v4/abc_ic_menu_copy_mtrl_am_alpha.png
[DEBUG]  Adding res/drawable-xhdpi-v4/abc_ic_menu_cut_mtrl_alpha.png
[DEBUG]  Adding res/drawable-xhdpi-v4/abc_ic_menu_moreoverflow_mtrl_alpha.png
[DEBUG]  Adding res/drawable-xhdpi-v4/abc_ic_menu_paste_mtrl_am_alpha.png
[DEBUG]  Adding res/drawable-xhdpi-v4/abc_ic_menu_selectall_mtrl_alpha.png
[DEBUG]  Adding res/drawable-xhdpi-v4/abc_ic_menu_share_mtrl_alpha.png
[DEBUG]  Adding res/drawable-xhdpi-v4/abc_ic_search_api_mtrl_alpha.png
[DEBUG]  Adding res/drawable-xhdpi-v4/abc_ic_voice_search_api_mtrl_alpha.png
[DEBUG]  Adding res/drawable-xhdpi-v4/abc_list_divider_mtrl_alpha.9.png
[DEBUG]  Adding res/drawable-xhdpi-v4/abc_list_focused_holo.9.png
[DEBUG]  Adding res/drawable-xhdpi-v4/abc_list_longpressed_holo.9.png
[DEBUG]  Adding res/drawable-xhdpi-v4/abc_list_pressed_holo_dark.9.png
[DEBUG]  Adding res/drawable-xhdpi-v4/abc_list_pressed_holo_light.9.png
[DEBUG]  Adding res/drawable-xhdpi-v4/abc_list_selector_disabled_holo_dark.9.png
[DEBUG]  Adding res/drawable-xhdpi-v4/abc_list_selector_disabled_holo_light.9.png
[DEBUG]  Adding res/drawable-xhdpi-v4/abc_menu_hardkey_panel_mtrl_mult.9.png
[DEBUG]  Adding res/drawable-xhdpi-v4/abc_popup_background_mtrl_mult.9.png
[DEBUG]  Adding res/drawable-xhdpi-v4/abc_spinner_mtrl_am_alpha.9.png
[DEBUG]  Adding res/drawable-xhdpi-v4/abc_switch_track_mtrl_alpha.9.png
[DEBUG]  Adding res/drawable-xhdpi-v4/abc_tab_indicator_mtrl_alpha.9.png
[DEBUG]  Adding res/drawable-xhdpi-v4/abc_textfield_activated_mtrl_alpha.9.png
[DEBUG]  Adding res/drawable-xhdpi-v4/abc_textfield_default_mtrl_alpha.9.png
[DEBUG]  Adding res/drawable-xhdpi-v4/abc_textfield_search_activated_mtrl_alpha.9.png
[DEBUG]  Adding res/drawable-xhdpi-v4/abc_textfield_search_default_mtrl_alpha.9.png
[DEBUG]  Adding res/drawable-xxhdpi-v4/abc_ab_share_pack_mtrl_alpha.9.png
[DEBUG]  Adding res/drawable-xxhdpi-v4/abc_btn_check_to_on_mtrl_000.png
[DEBUG]  Adding res/drawable-xxhdpi-v4/abc_btn_check_to_on_mtrl_015.png
[DEBUG]  Adding res/drawable-xxhdpi-v4/abc_btn_radio_to_on_mtrl_000.png
[DEBUG]  Adding res/drawable-xxhdpi-v4/abc_btn_radio_to_on_mtrl_015.png
[DEBUG]  Adding res/drawable-xxhdpi-v4/abc_btn_rating_star_off_mtrl_alpha.png
[DEBUG]  Adding res/drawable-xxhdpi-v4/abc_btn_rating_star_on_mtrl_alpha.png
[DEBUG]  Adding res/drawable-xxhdpi-v4/abc_btn_switch_to_on_mtrl_00001.9.png
[DEBUG]  Adding res/drawable-xxhdpi-v4/abc_btn_switch_to_on_mtrl_00012.9.png
[DEBUG]  Adding res/drawable-xxhdpi-v4/abc_cab_background_top_mtrl_alpha.9.png
[DEBUG]  Adding res/drawable-xxhdpi-v4/abc_ic_ab_back_mtrl_am_alpha.png
[DEBUG]  Adding res/drawable-xxhdpi-v4/abc_ic_clear_mtrl_alpha.png
[DEBUG]  Adding res/drawable-xxhdpi-v4/abc_ic_commit_search_api_mtrl_alpha.png
[DEBUG]  Adding res/drawable-xxhdpi-v4/abc_ic_go_search_api_mtrl_alpha.png
[DEBUG]  Adding res/drawable-xxhdpi-v4/abc_ic_menu_copy_mtrl_am_alpha.png
[DEBUG]  Adding res/drawable-xxhdpi-v4/abc_ic_menu_cut_mtrl_alpha.png
[DEBUG]  Adding res/drawable-xxhdpi-v4/abc_ic_menu_moreoverflow_mtrl_alpha.png
[DEBUG]  Adding res/drawable-xxhdpi-v4/abc_ic_menu_paste_mtrl_am_alpha.png
[DEBUG]  Adding res/drawable-xxhdpi-v4/abc_ic_menu_selectall_mtrl_alpha.png
[DEBUG]  Adding res/drawable-xxhdpi-v4/abc_ic_menu_share_mtrl_alpha.png
[DEBUG]  Adding res/drawable-xxhdpi-v4/abc_ic_search_api_mtrl_alpha.png
[DEBUG]  Adding res/drawable-xxhdpi-v4/abc_ic_voice_search_api_mtrl_alpha.png
[DEBUG]  Adding res/drawable-xxhdpi-v4/abc_list_divider_mtrl_alpha.9.png
[DEBUG]  Adding res/drawable-xxhdpi-v4/abc_list_focused_holo.9.png
[DEBUG]  Adding res/drawable-xxhdpi-v4/abc_list_longpressed_holo.9.png
[DEBUG]  Adding res/drawable-xxhdpi-v4/abc_list_pressed_holo_dark.9.png
[DEBUG]  Adding res/drawable-xxhdpi-v4/abc_list_pressed_holo_light.9.png
[DEBUG]  Adding res/drawable-xxhdpi-v4/abc_list_selector_disabled_holo_dark.9.png
[DEBUG]  Adding res/drawable-xxhdpi-v4/abc_list_selector_disabled_holo_light.9.png
[DEBUG]  Adding res/drawable-xxhdpi-v4/abc_menu_hardkey_panel_mtrl_mult.9.png
[DEBUG]  Adding res/drawable-xxhdpi-v4/abc_popup_background_mtrl_mult.9.png
[DEBUG]  Adding res/drawable-xxhdpi-v4/abc_spinner_mtrl_am_alpha.9.png
[DEBUG]  Adding res/drawable-xxhdpi-v4/abc_switch_track_mtrl_alpha.9.png
[DEBUG]  Adding res/drawable-xxhdpi-v4/abc_tab_indicator_mtrl_alpha.9.png
[DEBUG]  Adding res/drawable-xxhdpi-v4/abc_textfield_activated_mtrl_alpha.9.png
[DEBUG]  Adding res/drawable-xxhdpi-v4/abc_textfield_default_mtrl_alpha.9.png
[DEBUG]  Adding res/drawable-xxhdpi-v4/abc_textfield_search_activated_mtrl_alpha.9.png
[DEBUG]  Adding res/drawable-xxhdpi-v4/abc_textfield_search_default_mtrl_alpha.9.png
[DEBUG]  Adding res/drawable-xxxhdpi-v4/abc_btn_check_to_on_mtrl_000.png
[DEBUG]  Adding res/drawable-xxxhdpi-v4/abc_btn_check_to_on_mtrl_015.png
[DEBUG]  Adding res/drawable-xxxhdpi-v4/abc_btn_radio_to_on_mtrl_000.png
[DEBUG]  Adding res/drawable-xxxhdpi-v4/abc_btn_radio_to_on_mtrl_015.png
[DEBUG]  Adding res/drawable-xxxhdpi-v4/abc_btn_switch_to_on_mtrl_00001.9.png
[DEBUG]  Adding res/drawable-xxxhdpi-v4/abc_btn_switch_to_on_mtrl_00012.9.png
[DEBUG]  Adding res/drawable-xxxhdpi-v4/abc_ic_ab_back_mtrl_am_alpha.png
[DEBUG]  Adding res/drawable-xxxhdpi-v4/abc_ic_clear_mtrl_alpha.png
[DEBUG]  Adding res/drawable-xxxhdpi-v4/abc_ic_menu_copy_mtrl_am_alpha.png
[DEBUG]  Adding res/drawable-xxxhdpi-v4/abc_ic_menu_cut_mtrl_alpha.png
[DEBUG]  Adding res/drawable-xxxhdpi-v4/abc_ic_menu_moreoverflow_mtrl_alpha.png
[DEBUG]  Adding res/drawable-xxxhdpi-v4/abc_ic_menu_paste_mtrl_am_alpha.png
[DEBUG]  Adding res/drawable-xxxhdpi-v4/abc_ic_menu_selectall_mtrl_alpha.png
[DEBUG]  Adding res/drawable-xxxhdpi-v4/abc_ic_menu_share_mtrl_alpha.png
[DEBUG]  Adding res/drawable-xxxhdpi-v4/abc_ic_search_api_mtrl_alpha.png
[DEBUG]  Adding res/drawable-xxxhdpi-v4/abc_ic_voice_search_api_mtrl_alpha.png
[DEBUG]  Adding res/drawable-xxxhdpi-v4/abc_spinner_mtrl_am_alpha.9.png
[DEBUG]  Adding res/drawable-xxxhdpi-v4/abc_switch_track_mtrl_alpha.9.png
[DEBUG]  Adding res/drawable-xxxhdpi-v4/abc_tab_indicator_mtrl_alpha.9.png
[DEBUG]  Deflating res/drawable/abc_btn_borderless_material.xml
[DEBUG]  Deflating res/drawable/abc_btn_check_material.xml
[DEBUG]  Deflating res/drawable/abc_btn_colored_material.xml
[DEBUG]  Deflating res/drawable/abc_btn_default_mtrl_shape.xml
[DEBUG]  Deflating res/drawable/abc_btn_radio_material.xml
[DEBUG]  Deflating res/drawable/abc_cab_background_internal_bg.xml
[DEBUG]  Deflating res/drawable/abc_cab_background_top_material.xml
[DEBUG]  Deflating res/drawable/abc_dialog_material_background_dark.xml
[DEBUG]  Deflating res/drawable/abc_dialog_material_background_light.xml
[DEBUG]  Deflating res/drawable/abc_edit_text_material.xml
[DEBUG]  Deflating res/drawable/abc_item_background_holo_dark.xml
[DEBUG]  Deflating res/drawable/abc_item_background_holo_light.xml
[DEBUG]  Deflating res/drawable/abc_list_selector_background_transition_holo_dark.xml
[DEBUG]  Deflating res/drawable/abc_list_selector_background_transition_holo_light.xml
[DEBUG]  Deflating res/drawable/abc_list_selector_holo_dark.xml
[DEBUG]  Deflating res/drawable/abc_list_selector_holo_light.xml
[DEBUG]  Deflating res/drawable/abc_ratingbar_full_material.xml
[DEBUG]  Deflating res/drawable/abc_spinner_textfield_background_material.xml
[DEBUG]  Deflating res/drawable/abc_switch_thumb_material.xml
[DEBUG]  Deflating res/drawable/abc_tab_indicator_material.xml
[DEBUG]  Deflating res/drawable/abc_text_cursor_material.xml
[DEBUG]  Deflating res/drawable/abc_textfield_search_material.xml
[DEBUG]  Adding res/drawable/appicon.png
[DEBUG]  Adding res/drawable/background.png
[DEBUG]  Adding res/drawable/btn_check_buttonless_on_64.png
[DEBUG]  Adding res/drawable/btn_more_64.png
[DEBUG]  Adding res/drawable/disclosure_64.png
[DEBUG]  Deflating res/layout-v17/abc_alert_dialog_material.xml
[DEBUG]  Deflating res/layout-v17/abc_dialog_title_material.xml
[DEBUG]  Deflating res/layout-v17/abc_search_view.xml
[DEBUG]  Deflating res/layout-v17/notification_template_big_media.xml
[DEBUG]  Deflating res/layout-v17/notification_template_big_media_narrow.xml
[DEBUG]  Deflating res/layout-v17/notification_template_lines.xml
[DEBUG]  Deflating res/layout-v17/notification_template_media.xml
[DEBUG]  Deflating res/layout-v17/notification_template_part_chronometer.xml
[DEBUG]  Deflating res/layout-v17/notification_template_part_time.xml
[DEBUG]  Deflating res/layout-v21/abc_screen_toolbar.xml
[DEBUG]  Deflating res/layout-v21/titanium_ui_date_picker_spinner.xml
[DEBUG]  Deflating res/layout-v21/titanium_ui_time_picker_spinner.xml
[DEBUG]  Deflating res/layout/abc_action_bar_title_item.xml
[DEBUG]  Deflating res/layout/abc_action_bar_up_container.xml
[DEBUG]  Deflating res/layout/abc_action_bar_view_list_nav_layout.xml
[DEBUG]  Deflating res/layout/abc_action_menu_item_layout.xml
[DEBUG]  Deflating res/layout/abc_action_menu_layout.xml
[DEBUG]  Deflating res/layout/abc_action_mode_bar.xml
[DEBUG]  Deflating res/layout/abc_action_mode_close_item_material.xml
[DEBUG]  Deflating res/layout/abc_activity_chooser_view.xml
[DEBUG]  Deflating res/layout/abc_activity_chooser_view_list_item.xml
[DEBUG]  Deflating res/layout/abc_alert_dialog_material.xml
[DEBUG]  Deflating res/layout/abc_dialog_title_material.xml
[DEBUG]  Deflating res/layout/abc_expanded_menu_layout.xml
[DEBUG]  Deflating res/layout/abc_list_menu_item_checkbox.xml
[DEBUG]  Deflating res/layout/abc_list_menu_item_icon.xml
[DEBUG]  Deflating res/layout/abc_list_menu_item_layout.xml
[DEBUG]  Deflating res/layout/abc_list_menu_item_radio.xml
[DEBUG]  Deflating res/layout/abc_popup_menu_item_layout.xml
[DEBUG]  Deflating res/layout/abc_screen_content_include.xml
[DEBUG]  Deflating res/layout/abc_screen_simple.xml
[DEBUG]  Deflating res/layout/abc_screen_simple_overlay_action_mode.xml
[DEBUG]  Deflating res/layout/abc_screen_toolbar.xml
[DEBUG]  Deflating res/layout/abc_search_dropdown_item_icons_2line.xml
[DEBUG]  Deflating res/layout/abc_search_view.xml
[DEBUG]  Deflating res/layout/abc_select_dialog_material.xml
[DEBUG]  Deflating res/layout/notification_media_action.xml
[DEBUG]  Deflating res/layout/notification_media_cancel_action.xml
[DEBUG]  Deflating res/layout/notification_template_big_media.xml
[DEBUG]  Deflating res/layout/notification_template_big_media_narrow.xml
[DEBUG]  Deflating res/layout/notification_template_lines.xml
[DEBUG]  Deflating res/layout/notification_template_media.xml
[DEBUG]  Deflating res/layout/notification_template_part_chronometer.xml
[DEBUG]  Deflating res/layout/notification_template_part_time.xml
[DEBUG]  Deflating res/layout/select_dialog_item_material.xml
[DEBUG]  Deflating res/layout/select_dialog_multichoice_material.xml
[DEBUG]  Deflating res/layout/select_dialog_singlechoice_material.xml
[DEBUG]  Deflating res/layout/support_simple_spinner_dropdown_item.xml
[DEBUG]  Deflating res/layout/titanium_tabgroup.xml
[DEBUG]  Deflating res/layout/titanium_ui_checkbox.xml
[DEBUG]  Deflating res/layout/titanium_ui_date_picker_spinner.xml
[DEBUG]  Deflating res/layout/titanium_ui_edittext.xml
[DEBUG]  Deflating res/layout/titanium_ui_list_header_or_footer.xml
[DEBUG]  Deflating res/layout/titanium_ui_list_item.xml
[DEBUG]  Deflating res/layout/titanium_ui_spinner.xml
[DEBUG]  Deflating res/layout/titanium_ui_switchcompat.xml
[DEBUG]  Deflating res/layout/titanium_ui_time_picker_spinner.xml
[DEBUG]  Deflating resources.arsc
[DEBUG]  Processing /Users/jacobcarter/Library/Application Support/Titanium/mobilesdk/osx/5.2.0.GA/android/kroll-v8.jar
[DEBUG]  Processing /Users/jacobcarter/Library/Application Support/Titanium/mobilesdk/osx/5.2.0.GA/android/modules/titanium-analytics.jar
[DEBUG]  Processing /Users/jacobcarter/Library/Application Support/Titanium/mobilesdk/osx/5.2.0.GA/android/aps-analytics.jar
[DEBUG]  Processing /Users/jacobcarter/Library/Application Support/Titanium/mobilesdk/osx/5.2.0.GA/android/modules/titanium-android.jar
[DEBUG]  Processing /Users/jacobcarter/Library/Application Support/Titanium/mobilesdk/osx/5.2.0.GA/android/jaxen-1.1.1.jar
[DEBUG]  Processing /Users/jacobcarter/Library/Application Support/Titanium/mobilesdk/osx/5.2.0.GA/android/ti-commons-codec-1.3.jar
[DEBUG]  Processing /Users/jacobcarter/Library/Application Support/Titanium/mobilesdk/osx/5.2.0.GA/android/kroll-common.jar
[DEBUG]  Processing /Users/jacobcarter/Library/Application Support/Titanium/mobilesdk/osx/5.2.0.GA/android/titanium.jar
[DEBUG]  Deflating org/appcelerator/titanium/build.properties
[DEBUG]  Adding org/appcelerator/titanium/res/drawable/background.png
[DEBUG]  Adding org/appcelerator/titanium/res/drawable/btn_check_buttonless_on.png
[DEBUG]  Adding org/appcelerator/titanium/res/drawable/btn_check_buttonless_on_100.png
[DEBUG]  Adding org/appcelerator/titanium/res/drawable/btn_check_buttonless_on_18.png
[DEBUG]  Adding org/appcelerator/titanium/res/drawable/btn_check_buttonless_on_48.png
[DEBUG]  Adding org/appcelerator/titanium/res/drawable/btn_check_buttonless_on_64.png
[DEBUG]  Adding org/appcelerator/titanium/res/drawable/btn_more.png
[DEBUG]  Adding org/appcelerator/titanium/res/drawable/btn_more_100.png
[DEBUG]  Adding org/appcelerator/titanium/res/drawable/btn_more_18.png
[DEBUG]  Adding org/appcelerator/titanium/res/drawable/btn_more_48.png
[DEBUG]  Adding org/appcelerator/titanium/res/drawable/btn_more_64.png
[DEBUG]  Adding org/appcelerator/titanium/res/drawable/btn_picker_normal.9.png
[DEBUG]  Adding org/appcelerator/titanium/res/drawable/btn_picker_pressed.9.png
[DEBUG]  Adding org/appcelerator/titanium/res/drawable/btn_picker_selected.9.png
[DEBUG]  Adding org/appcelerator/titanium/res/drawable/default_icon.png
[DEBUG]  Adding org/appcelerator/titanium/res/drawable/photoDefault.png
[DEBUG]  Processing /Users/jacobcarter/Library/Application Support/Titanium/mobilesdk/osx/5.2.0.GA/android/modules/titanium-app.jar
[DEBUG]  Processing /Users/jacobcarter/Library/Application Support/Titanium/mobilesdk/osx/5.2.0.GA/android/modules/titanium-ui.jar
[DEBUG]  Deflating ti/modules/titanium/ui/widget/webview/binding.js
[DEBUG]  Deflating ti/modules/titanium/ui/widget/webview/binding.min.js
[DEBUG]  Deflating ti/modules/titanium/ui/widget/webview/json2.js
[DEBUG]  Deflating ti/modules/titanium/ui/widget/webview/polling.js
[DEBUG]  Deflating ti/modules/titanium/ui/widget/webview/polling.min.js
[DEBUG]  Processing /Users/jacobcarter/Library/Application Support/Titanium/mobilesdk/osx/5.2.0.GA/android/nineoldandroids-appc-2.4.0.jar
[DEBUG]  Processing /Users/jacobcarter/Library/Application Support/Titanium/mobilesdk/osx/5.2.0.GA/android/modules/titanium-filesystem.jar
[DEBUG]  Processing /Users/jacobcarter/Library/Application Support/Titanium/mobilesdk/osx/5.2.0.GA/android/modules/titanium-media.jar
[DEBUG]  Processing /Users/jacobcarter/Library/Application Support/Titanium/mobilesdk/osx/5.2.0.GA/android/modules/titanium-appcompat.jar
[DEBUG]  Processing /Users/jacobcarter/Library/Application Support/Titanium/mobilesdk/osx/5.2.0.GA/android/android-support-v4.jar
[DEBUG]  Processing /Users/jacobcarter/Library/Application Support/Titanium/mobilesdk/osx/5.2.0.GA/android/android-support-v7-appcompat.jar
[DEBUG]  Processing /Users/jacobcarter/Library/Application Support/Titanium/mobilesdk/osx/5.2.0.GA/android/modules/titanium-cardview.jar
[DEBUG]  Processing /Users/jacobcarter/Library/Application Support/Titanium/mobilesdk/osx/5.2.0.GA/android/cardview-v7-23.0.1.jar
[DEBUG]  Processing /Users/jacobcarter/Library/Application Support/Titanium/mobilesdk/osx/5.2.0.GA/android/modules/titanium-locale.jar
[DEBUG]  Processing /Users/jacobcarter/Library/Application Support/Titanium/mobilesdk/osx/5.2.0.GA/android/modules/titanium-network.jar
[DEBUG]  Processing /Users/jacobcarter/Library/Application Support/Titanium/mobilesdk/osx/5.2.0.GA/android/modules/titanium-xml.jar
[DEBUG]  Processing /Users/jacobcarter/Library/Application Support/Titanium/mobilesdk/osx/5.2.0.GA/android/modules/titanium-utils.jar
[DEBUG]  Processing /Users/jacobcarter/Library/Application Support/Titanium/mobilesdk/osx/5.2.0.GA/android/modules/titanium-geolocation.jar
[DEBUG]  Processing /Users/jacobcarter/Library/Application Support/Titanium/mobilesdk/osx/5.2.0.GA/android/modules/titanium-accelerometer.jar
[DEBUG]  Processing /Users/jacobcarter/Library/Application Support/Titanium/mobilesdk/osx/5.2.0.GA/android/modules/titanium-contacts.jar
[DEBUG]  Processing /Users/jacobcarter/Library/Application Support/Titanium/mobilesdk/osx/5.2.0.GA/android/modules/titanium-map.jar
[DEBUG]  Processing /Users/jacobcarter/Library/Application Support/Titanium/mobilesdk/osx/5.2.0.GA/android/modules/titanium-gesture.jar
[DEBUG]  Processing /Users/jacobcarter/Library/Application Support/Titanium/mobilesdk/osx/5.2.0.GA/android/modules/titanium-calendar.jar
[DEBUG]  Processing /Users/jacobcarter/Library/Application Support/Titanium/mobilesdk/osx/5.2.0.GA/android/modules/titanium-platform.jar
[DEBUG]  Processing /Users/jacobcarter/Library/Application Support/Titanium/mobilesdk/osx/5.2.0.GA/android/modules/titanium-database.jar
[DEBUG]  Adding classes.dex
[INFO]   Processing /Users/jacobcarter/Documents/AVF/Project2/build/android/src
[DEBUG]  Adding lib/armeabi/libkroll-v8.so
[DEBUG]  Adding lib/armeabi/libstlport_shared.so
[DEBUG]  Adding lib/armeabi/libtiverify.so
[DEBUG]  Adding lib/armeabi-v7a/libkroll-v8.so
[DEBUG]  Adding lib/armeabi-v7a/libstlport_shared.so
[DEBUG]  Adding lib/armeabi-v7a/libtiverify.so
[DEBUG]  Adding lib/x86/libkroll-v8.so
[DEBUG]  Adding lib/x86/libstlport_shared.so
[DEBUG]  Adding lib/x86/libtiverify.so
[INFO]   Writing unsigned apk: /Users/jacobcarter/Documents/AVF/Project2/build/android/bin/app-unsigned.apk
[INFO]   Using MD5withRSA signature algorithm
[INFO]   Signing apk: /Library/Java/JavaVirtualMachines/jdk1.8.0_73.jdk/Contents/Home/bin/jarsigner "-sigalg" "MD5withRSA" "-digestalg" "SHA1" "-keystore" "/Users/jacobcarter/Library/Application Support/Titanium/mobilesdk/osx/5.2.0.GA/android/dev_keystore" "-storepass" "*******" "-signedjar" "/Users/jacobcarter/Documents/AVF/Project2/build/android/bin/Project2.apk" "/Users/jacobcarter/Documents/AVF/Project2/build/android/bin/app-unsigned.apk" "tidev"
[INFO]   Aligning zip file: /Users/jacobcarter/Library/android-sdk-macosx/build-tools/23.0.1/zipalign "-v" "4" "/Users/jacobcarter/Documents/AVF/Project2/build/android/bin/Project2.apk" "/Users/jacobcarter/Documents/AVF/Project2/build/android/bin/Project2.apkz"
[INFO]   Writing build manifest: /Users/jacobcarter/Documents/AVF/Project2/build/android/build-manifest.json
[INFO]   Making sure the adb server is running
[INFO]   Installing apk: /Users/jacobcarter/Documents/AVF/Project2/build/android/bin/Project2.apk
[INFO]   Installing app on device: SM-N920T
[TRACE]  Checking if package manager service is started
[TRACE]  Package manager has started
[TRACE]  Executing: /Users/jacobcarter/Library/android-sdk-macosx/platform-tools/adb -s 05157df51ac72c30 install -r /Users/jacobcarter/Documents/AVF/Project2/build/android/bin/Project2.apk
[INFO]   App successfully installed
[INFO]   Starting app: com.carter.project2/.Project2Activity
[DEBUG]  Trying to start the app...
[INFO]   Application pid: 23325
[INFO]   Project built successfully in 32s 247ms
